{"C:\\Users\\Legion\\Desktop\\Challange_02\\src\\middlewares\\account.js": {"path":"C:\\Users\\Legion\\Desktop\\Challange_02\\src\\middlewares\\account.js","statementMap":{"0":{"start":{"line":4,"column":36},"end":{"line":4,"column":44}},"1":{"start":{"line":5,"column":20},"end":{"line":5,"column":40}},"2":{"start":{"line":7,"column":4},"end":{"line":23,"column":5}},"3":{"start":{"line":8,"column":24},"end":{"line":8,"column":84}},"4":{"start":{"line":10,"column":8},"end":{"line":12,"column":9}},"5":{"start":{"line":11,"column":8},"end":{"line":11,"column":81}},"6":{"start":{"line":14,"column":8},"end":{"line":16,"column":9}},"7":{"start":{"line":15,"column":12},"end":{"line":15,"column":77}},"8":{"start":{"line":18,"column":8},"end":{"line":18,"column":37}},"9":{"start":{"line":20,"column":8},"end":{"line":20,"column":15}},"10":{"start":{"line":22,"column":8},"end":{"line":22,"column":67}},"11":{"start":{"line":27,"column":39},"end":{"line":27,"column":47}},"12":{"start":{"line":28,"column":18},"end":{"line":28,"column":38}},"13":{"start":{"line":30,"column":2},"end":{"line":44,"column":3}},"14":{"start":{"line":31,"column":20},"end":{"line":31,"column":85}},"15":{"start":{"line":33,"column":4},"end":{"line":37,"column":5}},"16":{"start":{"line":34,"column":6},"end":{"line":36,"column":64}},"17":{"start":{"line":39,"column":4},"end":{"line":39,"column":37}},"18":{"start":{"line":41,"column":4},"end":{"line":41,"column":11}},"19":{"start":{"line":43,"column":4},"end":{"line":43,"column":63}},"20":{"start":{"line":48,"column":30},"end":{"line":48,"column":38}},"21":{"start":{"line":49,"column":20},"end":{"line":49,"column":40}},"22":{"start":{"line":50,"column":19},"end":{"line":50,"column":37}},"23":{"start":{"line":52,"column":4},"end":{"line":67,"column":5}},"24":{"start":{"line":53,"column":22},"end":{"line":56,"column":7}},"25":{"start":{"line":58,"column":6},"end":{"line":60,"column":7}},"26":{"start":{"line":59,"column":8},"end":{"line":59,"column":74}},"27":{"start":{"line":62,"column":6},"end":{"line":62,"column":35}},"28":{"start":{"line":64,"column":6},"end":{"line":64,"column":13}},"29":{"start":{"line":66,"column":6},"end":{"line":66,"column":65}}},"fnMap":{"0":{"name":"checkSourceAccountExist","decl":{"start":{"line":3,"column":22},"end":{"line":3,"column":45}},"loc":{"start":{"line":3,"column":62},"end":{"line":24,"column":1}},"line":3},"1":{"name":"checkDestinationAccountExist","decl":{"start":{"line":26,"column":22},"end":{"line":26,"column":50}},"loc":{"start":{"line":26,"column":67},"end":{"line":45,"column":1}},"line":26},"2":{"name":"checkAccountExistByUserIdAndAccountNumber","decl":{"start":{"line":47,"column":22},"end":{"line":47,"column":63}},"loc":{"start":{"line":47,"column":80},"end":{"line":68,"column":3}},"line":47}},"branchMap":{"0":{"loc":{"start":{"line":10,"column":8},"end":{"line":12,"column":9}},"type":"if","locations":[{"start":{"line":10,"column":8},"end":{"line":12,"column":9}},{"start":{},"end":{}}],"line":10},"1":{"loc":{"start":{"line":14,"column":8},"end":{"line":16,"column":9}},"type":"if","locations":[{"start":{"line":14,"column":8},"end":{"line":16,"column":9}},{"start":{},"end":{}}],"line":14},"2":{"loc":{"start":{"line":33,"column":4},"end":{"line":37,"column":5}},"type":"if","locations":[{"start":{"line":33,"column":4},"end":{"line":37,"column":5}},{"start":{},"end":{}}],"line":33},"3":{"loc":{"start":{"line":58,"column":6},"end":{"line":60,"column":7}},"type":"if","locations":[{"start":{"line":58,"column":6},"end":{"line":60,"column":7}},{"start":{},"end":{}}],"line":58}},"s":{"0":4,"1":4,"2":4,"3":4,"4":3,"5":1,"6":2,"7":1,"8":1,"9":1,"10":1,"11":3,"12":3,"13":3,"14":3,"15":2,"16":1,"17":1,"18":1,"19":1,"20":0,"21":0,"22":0,"23":0,"24":0,"25":0,"26":0,"27":0,"28":0,"29":0},"f":{"0":4,"1":3,"2":0},"b":{"0":[1,2],"1":[1,1],"2":[1,1],"3":[0,0]},"inputSourceMap":null,"_coverageSchema":"1a1c01bbd47fc00a2c39e90264f33305004495a9","hash":"fef749ec724e91e1e338e4ad965bf81cafbdc9ec"}
,"C:\\Users\\Legion\\Desktop\\Challange_02\\src\\repositories\\account.js": {"path":"C:\\Users\\Legion\\Desktop\\Challange_02\\src\\repositories\\account.js","statementMap":{"0":{"start":{"line":4,"column":2},"end":{"line":10,"column":5}},"1":{"start":{"line":14,"column":2},"end":{"line":14,"column":39}},"2":{"start":{"line":18,"column":2},"end":{"line":22,"column":5}},"3":{"start":{"line":26,"column":2},"end":{"line":30,"column":5}},"4":{"start":{"line":34,"column":13},"end":{"line":34,"column":34}},"5":{"start":{"line":35,"column":2},"end":{"line":40,"column":5}},"6":{"start":{"line":44,"column":2},"end":{"line":49,"column":5}},"7":{"start":{"line":53,"column":2},"end":{"line":58,"column":5}}},"fnMap":{"0":{"name":"createAccount","decl":{"start":{"line":3,"column":16},"end":{"line":3,"column":29}},"loc":{"start":{"line":3,"column":36},"end":{"line":11,"column":1}},"line":3},"1":{"name":"getAllAccount","decl":{"start":{"line":13,"column":16},"end":{"line":13,"column":29}},"loc":{"start":{"line":13,"column":32},"end":{"line":15,"column":1}},"line":13},"2":{"name":"getAccountById","decl":{"start":{"line":17,"column":16},"end":{"line":17,"column":30}},"loc":{"start":{"line":17,"column":35},"end":{"line":23,"column":1}},"line":17},"3":{"name":"getAccountByAccountNumber","decl":{"start":{"line":25,"column":16},"end":{"line":25,"column":41}},"loc":{"start":{"line":25,"column":61},"end":{"line":31,"column":1}},"line":25},"4":{"name":"updateAccountById","decl":{"start":{"line":33,"column":16},"end":{"line":33,"column":33}},"loc":{"start":{"line":33,"column":64},"end":{"line":41,"column":1}},"line":33},"5":{"name":"getAccountByUserIdAndBankName","decl":{"start":{"line":43,"column":16},"end":{"line":43,"column":45}},"loc":{"start":{"line":43,"column":64},"end":{"line":50,"column":1}},"line":43},"6":{"name":"getAccountByUserIdAndAccountNumber","decl":{"start":{"line":52,"column":16},"end":{"line":52,"column":50}},"loc":{"start":{"line":52,"column":78},"end":{"line":59,"column":1}},"line":52}},"branchMap":{"0":{"loc":{"start":{"line":33,"column":44},"end":{"line":33,"column":62}},"type":"default-arg","locations":[{"start":{"line":33,"column":58},"end":{"line":33,"column":62}}],"line":33},"1":{"loc":{"start":{"line":34,"column":13},"end":{"line":34,"column":34}},"type":"binary-expr","locations":[{"start":{"line":34,"column":13},"end":{"line":34,"column":24}},{"start":{"line":34,"column":28},"end":{"line":34,"column":34}}],"line":34}},"s":{"0":0,"1":0,"2":0,"3":0,"4":0,"5":0,"6":0,"7":0},"f":{"0":0,"1":0,"2":0,"3":0,"4":0,"5":0,"6":0},"b":{"0":[0],"1":[0,0]},"inputSourceMap":null,"_coverageSchema":"1a1c01bbd47fc00a2c39e90264f33305004495a9","hash":"ecea0b8c651e778154ee4e32269701ae6298f5ff"}
,"C:\\Users\\Legion\\Desktop\\Challange_02\\src\\services\\account.js": {"path":"C:\\Users\\Legion\\Desktop\\Challange_02\\src\\services\\account.js","statementMap":{"0":{"start":{"line":5,"column":24},"end":{"line":5,"column":67}},"1":{"start":{"line":6,"column":8},"end":{"line":6,"column":23}},"2":{"start":{"line":10,"column":24},"end":{"line":10,"column":66}},"3":{"start":{"line":11,"column":8},"end":{"line":11,"column":23}},"4":{"start":{"line":15,"column":25},"end":{"line":15,"column":64}},"5":{"start":{"line":16,"column":8},"end":{"line":16,"column":24}},"6":{"start":{"line":20,"column":24},"end":{"line":20,"column":92}},"7":{"start":{"line":21,"column":8},"end":{"line":21,"column":23}},"8":{"start":{"line":25,"column":24},"end":{"line":25,"column":88}},"9":{"start":{"line":26,"column":8},"end":{"line":26,"column":23}},"10":{"start":{"line":30,"column":24},"end":{"line":30,"column":105}},"11":{"start":{"line":31,"column":8},"end":{"line":31,"column":23}}},"fnMap":{"0":{"name":"(anonymous_0)","decl":{"start":{"line":4,"column":4},"end":{"line":4,"column":5}},"loc":{"start":{"line":4,"column":30},"end":{"line":7,"column":5}},"line":4},"1":{"name":"(anonymous_1)","decl":{"start":{"line":9,"column":4},"end":{"line":9,"column":5}},"loc":{"start":{"line":9,"column":29},"end":{"line":12,"column":5}},"line":9},"2":{"name":"(anonymous_2)","decl":{"start":{"line":14,"column":4},"end":{"line":14,"column":5}},"loc":{"start":{"line":14,"column":26},"end":{"line":17,"column":5}},"line":14},"3":{"name":"(anonymous_3)","decl":{"start":{"line":19,"column":4},"end":{"line":19,"column":5}},"loc":{"start":{"line":19,"column":55},"end":{"line":22,"column":5}},"line":19},"4":{"name":"(anonymous_4)","decl":{"start":{"line":24,"column":4},"end":{"line":24,"column":5}},"loc":{"start":{"line":24,"column":58},"end":{"line":27,"column":5}},"line":24},"5":{"name":"(anonymous_5)","decl":{"start":{"line":29,"column":4},"end":{"line":29,"column":5}},"loc":{"start":{"line":29,"column":68},"end":{"line":32,"column":5}},"line":29}},"branchMap":{"0":{"loc":{"start":{"line":24,"column":38},"end":{"line":24,"column":56}},"type":"default-arg","locations":[{"start":{"line":24,"column":52},"end":{"line":24,"column":56}}],"line":24}},"s":{"0":1,"1":1,"2":1,"3":1,"4":1,"5":1,"6":1,"7":1,"8":1,"9":1,"10":1,"11":1},"f":{"0":1,"1":1,"2":1,"3":1,"4":1,"5":1},"b":{"0":[1]},"inputSourceMap":null,"_coverageSchema":"1a1c01bbd47fc00a2c39e90264f33305004495a9","hash":"daece38f2e71123ccf5a55c5839a5e5bd92aa542"}
,"C:\\Users\\Legion\\Desktop\\Challange_02\\src\\services\\profile.js": {"path":"C:\\Users\\Legion\\Desktop\\Challange_02\\src\\services\\profile.js","statementMap":{"0":{"start":{"line":5,"column":24},"end":{"line":5,"column":83}},"1":{"start":{"line":6,"column":8},"end":{"line":6,"column":23}}},"fnMap":{"0":{"name":"(anonymous_0)","decl":{"start":{"line":4,"column":4},"end":{"line":4,"column":5}},"loc":{"start":{"line":4,"column":46},"end":{"line":7,"column":5}},"line":4}},"branchMap":{},"s":{"0":1,"1":1},"f":{"0":1},"b":{},"inputSourceMap":null,"_coverageSchema":"1a1c01bbd47fc00a2c39e90264f33305004495a9","hash":"3bcf5154664dcb170d078599d035fdd0fbc322d8"}
,"C:\\Users\\Legion\\Desktop\\Challange_02\\src\\services\\transaction.js": {"path":"C:\\Users\\Legion\\Desktop\\Challange_02\\src\\services\\transaction.js","statementMap":{"0":{"start":{"line":5,"column":32},"end":{"line":5,"column":96}},"1":{"start":{"line":6,"column":8},"end":{"line":6,"column":31}},"2":{"start":{"line":10,"column":28},"end":{"line":10,"column":78}},"3":{"start":{"line":11,"column":8},"end":{"line":11,"column":27}},"4":{"start":{"line":15,"column":29},"end":{"line":15,"column":77}},"5":{"start":{"line":16,"column":8},"end":{"line":16,"column":28}},"6":{"start":{"line":20,"column":28},"end":{"line":20,"column":77}},"7":{"start":{"line":21,"column":8},"end":{"line":21,"column":27}}},"fnMap":{"0":{"name":"(anonymous_0)","decl":{"start":{"line":4,"column":4},"end":{"line":4,"column":5}},"loc":{"start":{"line":4,"column":47},"end":{"line":7,"column":5}},"line":4},"1":{"name":"(anonymous_1)","decl":{"start":{"line":9,"column":4},"end":{"line":9,"column":5}},"loc":{"start":{"line":9,"column":33},"end":{"line":12,"column":5}},"line":9},"2":{"name":"(anonymous_2)","decl":{"start":{"line":14,"column":4},"end":{"line":14,"column":5}},"loc":{"start":{"line":14,"column":31},"end":{"line":17,"column":5}},"line":14},"3":{"name":"(anonymous_3)","decl":{"start":{"line":19,"column":4},"end":{"line":19,"column":5}},"loc":{"start":{"line":19,"column":32},"end":{"line":22,"column":5}},"line":19}},"branchMap":{},"s":{"0":1,"1":1,"2":1,"3":1,"4":1,"5":1,"6":1,"7":1},"f":{"0":1,"1":1,"2":1,"3":1},"b":{},"inputSourceMap":null,"_coverageSchema":"1a1c01bbd47fc00a2c39e90264f33305004495a9","hash":"06c754da6069906691b8b178f6f5fddec64198b7"}
,"C:\\Users\\Legion\\Desktop\\Challange_02\\src\\services\\user.js": {"path":"C:\\Users\\Legion\\Desktop\\Challange_02\\src\\services\\user.js","statementMap":{"0":{"start":{"line":5,"column":21},"end":{"line":5,"column":61}},"1":{"start":{"line":6,"column":8},"end":{"line":6,"column":20}},"2":{"start":{"line":10,"column":22},"end":{"line":10,"column":55}},"3":{"start":{"line":11,"column":8},"end":{"line":11,"column":21}},"4":{"start":{"line":15,"column":21},"end":{"line":15,"column":57}},"5":{"start":{"line":16,"column":8},"end":{"line":16,"column":20}},"6":{"start":{"line":20,"column":21},"end":{"line":20,"column":63}},"7":{"start":{"line":21,"column":8},"end":{"line":21,"column":20}}},"fnMap":{"0":{"name":"(anonymous_0)","decl":{"start":{"line":4,"column":4},"end":{"line":4,"column":5}},"loc":{"start":{"line":4,"column":30},"end":{"line":7,"column":5}},"line":4},"1":{"name":"(anonymous_1)","decl":{"start":{"line":9,"column":4},"end":{"line":9,"column":5}},"loc":{"start":{"line":9,"column":23},"end":{"line":12,"column":5}},"line":9},"2":{"name":"(anonymous_2)","decl":{"start":{"line":14,"column":4},"end":{"line":14,"column":5}},"loc":{"start":{"line":14,"column":26},"end":{"line":17,"column":5}},"line":14},"3":{"name":"(anonymous_3)","decl":{"start":{"line":19,"column":4},"end":{"line":19,"column":5}},"loc":{"start":{"line":19,"column":32},"end":{"line":22,"column":5}},"line":19}},"branchMap":{},"s":{"0":1,"1":1,"2":1,"3":1,"4":1,"5":1,"6":1,"7":1},"f":{"0":1,"1":1,"2":1,"3":1},"b":{},"inputSourceMap":null,"_coverageSchema":"1a1c01bbd47fc00a2c39e90264f33305004495a9","hash":"c159b524d4194542d4b0a78b377c3339747f16e8"}
,"C:\\Users\\Legion\\Desktop\\Challange_02\\src\\utils\\db.js": {"path":"C:\\Users\\Legion\\Desktop\\Challange_02\\src\\utils\\db.js","statementMap":{"0":{"start":{"line":3,"column":22},"end":{"line":5,"column":2}}},"fnMap":{},"branchMap":{},"s":{"0":1},"f":{},"b":{},"inputSourceMap":null,"_coverageSchema":"1a1c01bbd47fc00a2c39e90264f33305004495a9","hash":"de2882fbea6446a1f2d9188dc7fc4d8020856488"}
}
