{"C:\\Users\\Legion\\Desktop\\Challange_02\\src\\controllers\\account.js": {"path":"C:\\Users\\Legion\\Desktop\\Challange_02\\src\\controllers\\account.js","statementMap":{"0":{"start":{"line":5,"column":2},"end":{"line":34,"column":3}},"1":{"start":{"line":6,"column":17},"end":{"line":6,"column":32}},"2":{"start":{"line":7,"column":25},"end":{"line":7,"column":33}},"3":{"start":{"line":8,"column":20},"end":{"line":8,"column":40}},"4":{"start":{"line":9,"column":28},"end":{"line":9,"column":55}},"5":{"start":{"line":11,"column":24},"end":{"line":13,"column":5}},"6":{"start":{"line":15,"column":4},"end":{"line":21,"column":5}},"7":{"start":{"line":16,"column":6},"end":{"line":16,"column":54}},"8":{"start":{"line":18,"column":6},"end":{"line":20,"column":8}},"9":{"start":{"line":23,"column":20},"end":{"line":27,"column":6}},"10":{"start":{"line":28,"column":4},"end":{"line":31,"column":7}},"11":{"start":{"line":33,"column":4},"end":{"line":33,"column":63}},"12":{"start":{"line":38,"column":13},"end":{"line":38,"column":26}},"13":{"start":{"line":40,"column":2},"end":{"line":58,"column":3}},"14":{"start":{"line":41,"column":20},"end":{"line":41,"column":40}},"15":{"start":{"line":43,"column":20},"end":{"line":43,"column":52}},"16":{"start":{"line":45,"column":4},"end":{"line":49,"column":5}},"17":{"start":{"line":46,"column":6},"end":{"line":48,"column":9}},"18":{"start":{"line":51,"column":4},"end":{"line":53,"column":7}},"19":{"start":{"line":55,"column":4},"end":{"line":57,"column":7}},"20":{"start":{"line":62,"column":2},"end":{"line":74,"column":3}},"21":{"start":{"line":63,"column":20},"end":{"line":63,"column":40}},"22":{"start":{"line":65,"column":21},"end":{"line":65,"column":50}},"23":{"start":{"line":67,"column":4},"end":{"line":69,"column":7}},"24":{"start":{"line":71,"column":4},"end":{"line":73,"column":7}},"25":{"start":{"line":78,"column":21},"end":{"line":78,"column":29}},"26":{"start":{"line":79,"column":18},"end":{"line":79,"column":36}},"27":{"start":{"line":80,"column":18},"end":{"line":80,"column":38}},"28":{"start":{"line":82,"column":2},"end":{"line":95,"column":3}},"29":{"start":{"line":83,"column":27},"end":{"line":85,"column":6}},"30":{"start":{"line":87,"column":4},"end":{"line":90,"column":7}},"31":{"start":{"line":92,"column":4},"end":{"line":94,"column":7}},"32":{"start":{"line":99,"column":21},"end":{"line":99,"column":29}},"33":{"start":{"line":100,"column":18},"end":{"line":100,"column":36}},"34":{"start":{"line":101,"column":18},"end":{"line":101,"column":38}},"35":{"start":{"line":103,"column":2},"end":{"line":122,"column":3}},"36":{"start":{"line":104,"column":4},"end":{"line":108,"column":5}},"37":{"start":{"line":105,"column":6},"end":{"line":107,"column":9}},"38":{"start":{"line":110,"column":27},"end":{"line":112,"column":6}},"39":{"start":{"line":114,"column":4},"end":{"line":117,"column":7}},"40":{"start":{"line":119,"column":4},"end":{"line":121,"column":7}}},"fnMap":{"0":{"name":"createAccount","decl":{"start":{"line":4,"column":22},"end":{"line":4,"column":35}},"loc":{"start":{"line":4,"column":46},"end":{"line":35,"column":1}},"line":4},"1":{"name":"getAccountById","decl":{"start":{"line":37,"column":22},"end":{"line":37,"column":36}},"loc":{"start":{"line":37,"column":48},"end":{"line":59,"column":1}},"line":37},"2":{"name":"getAllAccount","decl":{"start":{"line":61,"column":22},"end":{"line":61,"column":35}},"loc":{"start":{"line":61,"column":47},"end":{"line":75,"column":1}},"line":61},"3":{"name":"deposit","decl":{"start":{"line":77,"column":22},"end":{"line":77,"column":29}},"loc":{"start":{"line":77,"column":40},"end":{"line":96,"column":1}},"line":77},"4":{"name":"withdraw","decl":{"start":{"line":98,"column":22},"end":{"line":98,"column":30}},"loc":{"start":{"line":98,"column":41},"end":{"line":123,"column":1}},"line":98}},"branchMap":{"0":{"loc":{"start":{"line":45,"column":4},"end":{"line":49,"column":5}},"type":"if","locations":[{"start":{"line":45,"column":4},"end":{"line":49,"column":5}},{"start":{},"end":{}}],"line":45},"1":{"loc":{"start":{"line":104,"column":4},"end":{"line":108,"column":5}},"type":"if","locations":[{"start":{"line":104,"column":4},"end":{"line":108,"column":5}},{"start":{},"end":{}}],"line":104}},"s":{"0":3,"1":3,"2":3,"3":3,"4":3,"5":3,"6":3,"7":1,"8":1,"9":3,"10":2,"11":1,"12":5,"13":5,"14":5,"15":5,"16":4,"17":2,"18":2,"19":1,"20":2,"21":2,"22":2,"23":1,"24":1,"25":2,"26":2,"27":2,"28":2,"29":2,"30":1,"31":1,"32":3,"33":3,"34":3,"35":3,"36":3,"37":1,"38":2,"39":1,"40":1},"f":{"0":3,"1":5,"2":2,"3":2,"4":3},"b":{"0":[2,2],"1":[1,2]},"inputSourceMap":null,"_coverageSchema":"1a1c01bbd47fc00a2c39e90264f33305004495a9","hash":"c476b6cb01091487694ddc276df01614943627fc"}
,"C:\\Users\\Legion\\Desktop\\Challange_02\\src\\controllers\\auth.js": {"path":"C:\\Users\\Legion\\Desktop\\Challange_02\\src\\controllers\\auth.js","statementMap":{"0":{"start":{"line":5,"column":30},"end":{"line":5,"column":38}},"1":{"start":{"line":6,"column":18},"end":{"line":6,"column":35}},"2":{"start":{"line":7,"column":2},"end":{"line":30,"column":3}},"3":{"start":{"line":8,"column":17},"end":{"line":8,"column":52}},"4":{"start":{"line":10,"column":4},"end":{"line":12,"column":5}},"5":{"start":{"line":11,"column":6},"end":{"line":11,"column":76}},"6":{"start":{"line":14,"column":4},"end":{"line":16,"column":5}},"7":{"start":{"line":15,"column":6},"end":{"line":15,"column":76}},"8":{"start":{"line":18,"column":18},"end":{"line":20,"column":6}},"9":{"start":{"line":22,"column":26},"end":{"line":25,"column":5}},"10":{"start":{"line":27,"column":4},"end":{"line":27,"column":76}},"11":{"start":{"line":29,"column":4},"end":{"line":29,"column":63}}},"fnMap":{"0":{"name":"login","decl":{"start":{"line":4,"column":22},"end":{"line":4,"column":27}},"loc":{"start":{"line":4,"column":38},"end":{"line":31,"column":1}},"line":4}},"branchMap":{"0":{"loc":{"start":{"line":10,"column":4},"end":{"line":12,"column":5}},"type":"if","locations":[{"start":{"line":10,"column":4},"end":{"line":12,"column":5}},{"start":{},"end":{}}],"line":10},"1":{"loc":{"start":{"line":14,"column":4},"end":{"line":16,"column":5}},"type":"if","locations":[{"start":{"line":14,"column":4},"end":{"line":16,"column":5}},{"start":{},"end":{}}],"line":14}},"s":{"0":4,"1":4,"2":4,"3":4,"4":3,"5":1,"6":2,"7":1,"8":1,"9":1,"10":1,"11":1},"f":{"0":4},"b":{"0":[1,2],"1":[1,1]},"inputSourceMap":null,"_coverageSchema":"1a1c01bbd47fc00a2c39e90264f33305004495a9","hash":"b341e8411aa3d9d4295a4dd5c3ba16ce3753e863"}
,"C:\\Users\\Legion\\Desktop\\Challange_02\\src\\controllers\\profile.js": {"path":"C:\\Users\\Legion\\Desktop\\Challange_02\\src\\controllers\\profile.js","statementMap":{"0":{"start":{"line":4,"column":2},"end":{"line":17,"column":3}},"1":{"start":{"line":5,"column":19},"end":{"line":5,"column":37}},"2":{"start":{"line":6,"column":17},"end":{"line":6,"column":25}},"3":{"start":{"line":8,"column":20},"end":{"line":8,"column":40}},"4":{"start":{"line":9,"column":20},"end":{"line":9,"column":69}},"5":{"start":{"line":11,"column":4},"end":{"line":14,"column":7}},"6":{"start":{"line":16,"column":4},"end":{"line":16,"column":63}}},"fnMap":{"0":{"name":"updateProfile","decl":{"start":{"line":3,"column":22},"end":{"line":3,"column":35}},"loc":{"start":{"line":3,"column":46},"end":{"line":18,"column":1}},"line":3}},"branchMap":{},"s":{"0":2,"1":2,"2":1,"3":1,"4":1,"5":1,"6":1},"f":{"0":2},"b":{},"inputSourceMap":null,"_coverageSchema":"1a1c01bbd47fc00a2c39e90264f33305004495a9","hash":"439a454716475a30b553fd32cd6fae8b6f7abaf8"}
,"C:\\Users\\Legion\\Desktop\\Challange_02\\src\\middlewares\\account.js": {"path":"C:\\Users\\Legion\\Desktop\\Challange_02\\src\\middlewares\\account.js","statementMap":{"0":{"start":{"line":4,"column":36},"end":{"line":4,"column":44}},"1":{"start":{"line":5,"column":20},"end":{"line":5,"column":40}},"2":{"start":{"line":7,"column":4},"end":{"line":23,"column":5}},"3":{"start":{"line":8,"column":24},"end":{"line":8,"column":84}},"4":{"start":{"line":10,"column":8},"end":{"line":12,"column":9}},"5":{"start":{"line":11,"column":8},"end":{"line":11,"column":81}},"6":{"start":{"line":14,"column":8},"end":{"line":16,"column":9}},"7":{"start":{"line":15,"column":12},"end":{"line":15,"column":77}},"8":{"start":{"line":18,"column":8},"end":{"line":18,"column":37}},"9":{"start":{"line":20,"column":8},"end":{"line":20,"column":15}},"10":{"start":{"line":22,"column":8},"end":{"line":22,"column":67}},"11":{"start":{"line":27,"column":39},"end":{"line":27,"column":47}},"12":{"start":{"line":28,"column":18},"end":{"line":28,"column":38}},"13":{"start":{"line":30,"column":2},"end":{"line":44,"column":3}},"14":{"start":{"line":31,"column":20},"end":{"line":31,"column":85}},"15":{"start":{"line":33,"column":4},"end":{"line":37,"column":5}},"16":{"start":{"line":34,"column":6},"end":{"line":36,"column":64}},"17":{"start":{"line":39,"column":4},"end":{"line":39,"column":37}},"18":{"start":{"line":41,"column":4},"end":{"line":41,"column":11}},"19":{"start":{"line":43,"column":4},"end":{"line":43,"column":63}},"20":{"start":{"line":48,"column":30},"end":{"line":48,"column":38}},"21":{"start":{"line":49,"column":20},"end":{"line":49,"column":40}},"22":{"start":{"line":50,"column":19},"end":{"line":50,"column":37}},"23":{"start":{"line":52,"column":4},"end":{"line":67,"column":5}},"24":{"start":{"line":53,"column":22},"end":{"line":56,"column":7}},"25":{"start":{"line":58,"column":6},"end":{"line":60,"column":7}},"26":{"start":{"line":59,"column":8},"end":{"line":59,"column":74}},"27":{"start":{"line":62,"column":6},"end":{"line":62,"column":35}},"28":{"start":{"line":64,"column":6},"end":{"line":64,"column":13}},"29":{"start":{"line":66,"column":6},"end":{"line":66,"column":65}}},"fnMap":{"0":{"name":"checkSourceAccountExist","decl":{"start":{"line":3,"column":22},"end":{"line":3,"column":45}},"loc":{"start":{"line":3,"column":62},"end":{"line":24,"column":1}},"line":3},"1":{"name":"checkDestinationAccountExist","decl":{"start":{"line":26,"column":22},"end":{"line":26,"column":50}},"loc":{"start":{"line":26,"column":67},"end":{"line":45,"column":1}},"line":26},"2":{"name":"checkAccountExistByUserIdAndAccountNumber","decl":{"start":{"line":47,"column":22},"end":{"line":47,"column":63}},"loc":{"start":{"line":47,"column":80},"end":{"line":68,"column":3}},"line":47}},"branchMap":{"0":{"loc":{"start":{"line":10,"column":8},"end":{"line":12,"column":9}},"type":"if","locations":[{"start":{"line":10,"column":8},"end":{"line":12,"column":9}},{"start":{},"end":{}}],"line":10},"1":{"loc":{"start":{"line":14,"column":8},"end":{"line":16,"column":9}},"type":"if","locations":[{"start":{"line":14,"column":8},"end":{"line":16,"column":9}},{"start":{},"end":{}}],"line":14},"2":{"loc":{"start":{"line":33,"column":4},"end":{"line":37,"column":5}},"type":"if","locations":[{"start":{"line":33,"column":4},"end":{"line":37,"column":5}},{"start":{},"end":{}}],"line":33},"3":{"loc":{"start":{"line":58,"column":6},"end":{"line":60,"column":7}},"type":"if","locations":[{"start":{"line":58,"column":6},"end":{"line":60,"column":7}},{"start":{},"end":{}}],"line":58}},"s":{"0":4,"1":4,"2":4,"3":4,"4":3,"5":1,"6":2,"7":1,"8":1,"9":1,"10":1,"11":3,"12":3,"13":3,"14":3,"15":2,"16":1,"17":1,"18":1,"19":1,"20":3,"21":3,"22":3,"23":3,"24":3,"25":2,"26":1,"27":1,"28":1,"29":1},"f":{"0":4,"1":3,"2":3},"b":{"0":[1,2],"1":[1,1],"2":[1,1],"3":[1,1]},"inputSourceMap":null,"_coverageSchema":"1a1c01bbd47fc00a2c39e90264f33305004495a9","hash":"fef749ec724e91e1e338e4ad965bf81cafbdc9ec"}
,"C:\\Users\\Legion\\Desktop\\Challange_02\\src\\middlewares\\auth.js": {"path":"C:\\Users\\Legion\\Desktop\\Challange_02\\src\\middlewares\\auth.js","statementMap":{"0":{"start":{"line":6,"column":18},"end":{"line":6,"column":35}},"1":{"start":{"line":8,"column":24},"end":{"line":8,"column":48}},"2":{"start":{"line":10,"column":2},"end":{"line":13,"column":3}},"3":{"start":{"line":11,"column":4},"end":{"line":11,"column":69}},"4":{"start":{"line":12,"column":4},"end":{"line":12,"column":11}},"5":{"start":{"line":15,"column":24},"end":{"line":15,"column":48}},"6":{"start":{"line":17,"column":2},"end":{"line":20,"column":3}},"7":{"start":{"line":18,"column":4},"end":{"line":18,"column":67}},"8":{"start":{"line":19,"column":4},"end":{"line":19,"column":11}},"9":{"start":{"line":22,"column":2},"end":{"line":41,"column":3}},"10":{"start":{"line":23,"column":19},"end":{"line":23,"column":46}},"11":{"start":{"line":25,"column":17},"end":{"line":25,"column":46}},"12":{"start":{"line":27,"column":4},"end":{"line":30,"column":5}},"13":{"start":{"line":28,"column":6},"end":{"line":28,"column":57}},"14":{"start":{"line":29,"column":6},"end":{"line":29,"column":13}},"15":{"start":{"line":32,"column":4},"end":{"line":32,"column":27}},"16":{"start":{"line":33,"column":4},"end":{"line":33,"column":11}},"17":{"start":{"line":35,"column":4},"end":{"line":38,"column":5}},"18":{"start":{"line":36,"column":6},"end":{"line":36,"column":55}},"19":{"start":{"line":37,"column":6},"end":{"line":37,"column":13}},"20":{"start":{"line":40,"column":4},"end":{"line":40,"column":63}}},"fnMap":{"0":{"name":"isAuthorized","decl":{"start":{"line":4,"column":22},"end":{"line":4,"column":34}},"loc":{"start":{"line":4,"column":50},"end":{"line":43,"column":1}},"line":4}},"branchMap":{"0":{"loc":{"start":{"line":10,"column":2},"end":{"line":13,"column":3}},"type":"if","locations":[{"start":{"line":10,"column":2},"end":{"line":13,"column":3}},{"start":{},"end":{}}],"line":10},"1":{"loc":{"start":{"line":17,"column":2},"end":{"line":20,"column":3}},"type":"if","locations":[{"start":{"line":17,"column":2},"end":{"line":20,"column":3}},{"start":{},"end":{}}],"line":17},"2":{"loc":{"start":{"line":27,"column":4},"end":{"line":30,"column":5}},"type":"if","locations":[{"start":{"line":27,"column":4},"end":{"line":30,"column":5}},{"start":{},"end":{}}],"line":27},"3":{"loc":{"start":{"line":35,"column":4},"end":{"line":38,"column":5}},"type":"if","locations":[{"start":{"line":35,"column":4},"end":{"line":38,"column":5}},{"start":{},"end":{}}],"line":35}},"s":{"0":6,"1":6,"2":6,"3":1,"4":1,"5":5,"6":5,"7":1,"8":1,"9":4,"10":4,"11":2,"12":2,"13":1,"14":1,"15":1,"16":1,"17":2,"18":1,"19":1,"20":1},"f":{"0":6},"b":{"0":[1,5],"1":[1,4],"2":[1,1],"3":[1,1]},"inputSourceMap":null,"_coverageSchema":"1a1c01bbd47fc00a2c39e90264f33305004495a9","hash":"961dd1cb16d041244ebc183e8e788c8e1fda6c22"}
,"C:\\Users\\Legion\\Desktop\\Challange_02\\src\\middlewares\\user.js": {"path":"C:\\Users\\Legion\\Desktop\\Challange_02\\src\\middlewares\\user.js","statementMap":{"0":{"start":{"line":4,"column":20},"end":{"line":4,"column":28}},"1":{"start":{"line":5,"column":18},"end":{"line":5,"column":35}},"2":{"start":{"line":7,"column":2},"end":{"line":17,"column":3}},"3":{"start":{"line":8,"column":17},"end":{"line":8,"column":52}},"4":{"start":{"line":10,"column":4},"end":{"line":12,"column":5}},"5":{"start":{"line":11,"column":6},"end":{"line":11,"column":71}},"6":{"start":{"line":14,"column":4},"end":{"line":14,"column":11}},"7":{"start":{"line":16,"column":4},"end":{"line":16,"column":63}}},"fnMap":{"0":{"name":"blockIfEmailExists","decl":{"start":{"line":3,"column":22},"end":{"line":3,"column":40}},"loc":{"start":{"line":3,"column":57},"end":{"line":18,"column":1}},"line":3}},"branchMap":{"0":{"loc":{"start":{"line":10,"column":4},"end":{"line":12,"column":5}},"type":"if","locations":[{"start":{"line":10,"column":4},"end":{"line":12,"column":5}},{"start":{},"end":{}}],"line":10}},"s":{"0":3,"1":3,"2":3,"3":3,"4":2,"5":1,"6":1,"7":1},"f":{"0":3},"b":{"0":[1,1]},"inputSourceMap":null,"_coverageSchema":"1a1c01bbd47fc00a2c39e90264f33305004495a9","hash":"aa18c680e969b707452c6a1f06f47a4cd1fe7488"}
,"C:\\Users\\Legion\\Desktop\\Challange_02\\src\\services\\account.js": {"path":"C:\\Users\\Legion\\Desktop\\Challange_02\\src\\services\\account.js","statementMap":{"0":{"start":{"line":5,"column":24},"end":{"line":5,"column":67}},"1":{"start":{"line":6,"column":8},"end":{"line":6,"column":23}},"2":{"start":{"line":10,"column":24},"end":{"line":10,"column":66}},"3":{"start":{"line":11,"column":8},"end":{"line":11,"column":23}},"4":{"start":{"line":15,"column":25},"end":{"line":15,"column":64}},"5":{"start":{"line":16,"column":8},"end":{"line":16,"column":24}},"6":{"start":{"line":20,"column":24},"end":{"line":20,"column":92}},"7":{"start":{"line":21,"column":8},"end":{"line":21,"column":23}},"8":{"start":{"line":25,"column":24},"end":{"line":25,"column":88}},"9":{"start":{"line":26,"column":8},"end":{"line":26,"column":23}},"10":{"start":{"line":30,"column":24},"end":{"line":30,"column":105}},"11":{"start":{"line":31,"column":8},"end":{"line":31,"column":23}}},"fnMap":{"0":{"name":"(anonymous_0)","decl":{"start":{"line":4,"column":4},"end":{"line":4,"column":5}},"loc":{"start":{"line":4,"column":30},"end":{"line":7,"column":5}},"line":4},"1":{"name":"(anonymous_1)","decl":{"start":{"line":9,"column":4},"end":{"line":9,"column":5}},"loc":{"start":{"line":9,"column":29},"end":{"line":12,"column":5}},"line":9},"2":{"name":"(anonymous_2)","decl":{"start":{"line":14,"column":4},"end":{"line":14,"column":5}},"loc":{"start":{"line":14,"column":26},"end":{"line":17,"column":5}},"line":14},"3":{"name":"(anonymous_3)","decl":{"start":{"line":19,"column":4},"end":{"line":19,"column":5}},"loc":{"start":{"line":19,"column":55},"end":{"line":22,"column":5}},"line":19},"4":{"name":"(anonymous_4)","decl":{"start":{"line":24,"column":4},"end":{"line":24,"column":5}},"loc":{"start":{"line":24,"column":58},"end":{"line":27,"column":5}},"line":24},"5":{"name":"(anonymous_5)","decl":{"start":{"line":29,"column":4},"end":{"line":29,"column":5}},"loc":{"start":{"line":29,"column":68},"end":{"line":32,"column":5}},"line":29}},"branchMap":{"0":{"loc":{"start":{"line":24,"column":38},"end":{"line":24,"column":56}},"type":"default-arg","locations":[{"start":{"line":24,"column":52},"end":{"line":24,"column":56}}],"line":24}},"s":{"0":1,"1":1,"2":1,"3":1,"4":1,"5":1,"6":1,"7":1,"8":1,"9":1,"10":1,"11":1},"f":{"0":1,"1":1,"2":1,"3":1,"4":1,"5":1},"b":{"0":[1]},"inputSourceMap":null,"_coverageSchema":"1a1c01bbd47fc00a2c39e90264f33305004495a9","hash":"daece38f2e71123ccf5a55c5839a5e5bd92aa542"}
,"C:\\Users\\Legion\\Desktop\\Challange_02\\src\\services\\profile.js": {"path":"C:\\Users\\Legion\\Desktop\\Challange_02\\src\\services\\profile.js","statementMap":{"0":{"start":{"line":5,"column":24},"end":{"line":5,"column":83}},"1":{"start":{"line":6,"column":8},"end":{"line":6,"column":23}}},"fnMap":{"0":{"name":"(anonymous_0)","decl":{"start":{"line":4,"column":4},"end":{"line":4,"column":5}},"loc":{"start":{"line":4,"column":46},"end":{"line":7,"column":5}},"line":4}},"branchMap":{},"s":{"0":1,"1":1},"f":{"0":1},"b":{},"inputSourceMap":null,"_coverageSchema":"1a1c01bbd47fc00a2c39e90264f33305004495a9","hash":"3bcf5154664dcb170d078599d035fdd0fbc322d8"}
,"C:\\Users\\Legion\\Desktop\\Challange_02\\src\\services\\transaction.js": {"path":"C:\\Users\\Legion\\Desktop\\Challange_02\\src\\services\\transaction.js","statementMap":{"0":{"start":{"line":5,"column":32},"end":{"line":5,"column":96}},"1":{"start":{"line":6,"column":8},"end":{"line":6,"column":31}},"2":{"start":{"line":10,"column":28},"end":{"line":10,"column":78}},"3":{"start":{"line":11,"column":8},"end":{"line":11,"column":27}},"4":{"start":{"line":15,"column":29},"end":{"line":15,"column":77}},"5":{"start":{"line":16,"column":8},"end":{"line":16,"column":28}},"6":{"start":{"line":20,"column":28},"end":{"line":20,"column":77}},"7":{"start":{"line":21,"column":8},"end":{"line":21,"column":27}}},"fnMap":{"0":{"name":"(anonymous_0)","decl":{"start":{"line":4,"column":4},"end":{"line":4,"column":5}},"loc":{"start":{"line":4,"column":47},"end":{"line":7,"column":5}},"line":4},"1":{"name":"(anonymous_1)","decl":{"start":{"line":9,"column":4},"end":{"line":9,"column":5}},"loc":{"start":{"line":9,"column":33},"end":{"line":12,"column":5}},"line":9},"2":{"name":"(anonymous_2)","decl":{"start":{"line":14,"column":4},"end":{"line":14,"column":5}},"loc":{"start":{"line":14,"column":31},"end":{"line":17,"column":5}},"line":14},"3":{"name":"(anonymous_3)","decl":{"start":{"line":19,"column":4},"end":{"line":19,"column":5}},"loc":{"start":{"line":19,"column":32},"end":{"line":22,"column":5}},"line":19}},"branchMap":{},"s":{"0":1,"1":1,"2":1,"3":1,"4":1,"5":1,"6":1,"7":1},"f":{"0":1,"1":1,"2":1,"3":1},"b":{},"inputSourceMap":null,"_coverageSchema":"1a1c01bbd47fc00a2c39e90264f33305004495a9","hash":"06c754da6069906691b8b178f6f5fddec64198b7"}
,"C:\\Users\\Legion\\Desktop\\Challange_02\\src\\services\\user.js": {"path":"C:\\Users\\Legion\\Desktop\\Challange_02\\src\\services\\user.js","statementMap":{"0":{"start":{"line":5,"column":21},"end":{"line":5,"column":61}},"1":{"start":{"line":6,"column":8},"end":{"line":6,"column":20}},"2":{"start":{"line":10,"column":22},"end":{"line":10,"column":55}},"3":{"start":{"line":11,"column":8},"end":{"line":11,"column":21}},"4":{"start":{"line":15,"column":21},"end":{"line":15,"column":57}},"5":{"start":{"line":16,"column":8},"end":{"line":16,"column":20}},"6":{"start":{"line":20,"column":21},"end":{"line":20,"column":63}},"7":{"start":{"line":21,"column":8},"end":{"line":21,"column":20}}},"fnMap":{"0":{"name":"(anonymous_0)","decl":{"start":{"line":4,"column":4},"end":{"line":4,"column":5}},"loc":{"start":{"line":4,"column":30},"end":{"line":7,"column":5}},"line":4},"1":{"name":"(anonymous_1)","decl":{"start":{"line":9,"column":4},"end":{"line":9,"column":5}},"loc":{"start":{"line":9,"column":23},"end":{"line":12,"column":5}},"line":9},"2":{"name":"(anonymous_2)","decl":{"start":{"line":14,"column":4},"end":{"line":14,"column":5}},"loc":{"start":{"line":14,"column":26},"end":{"line":17,"column":5}},"line":14},"3":{"name":"(anonymous_3)","decl":{"start":{"line":19,"column":4},"end":{"line":19,"column":5}},"loc":{"start":{"line":19,"column":32},"end":{"line":22,"column":5}},"line":19}},"branchMap":{},"s":{"0":1,"1":1,"2":1,"3":1,"4":1,"5":1,"6":1,"7":1},"f":{"0":1,"1":1,"2":1,"3":1},"b":{},"inputSourceMap":null,"_coverageSchema":"1a1c01bbd47fc00a2c39e90264f33305004495a9","hash":"c159b524d4194542d4b0a78b377c3339747f16e8"}
}
