TN:
SF:src\middlewares\account.js
FN:3,checkSourceAccountExist
FN:26,checkDestinationAccountExist
FN:47,checkAccountExistByUserIdAndAccountNumber
FNF:3
FNH:2
FNDA:4,checkSourceAccountExist
FNDA:3,checkDestinationAccountExist
FNDA:0,checkAccountExistByUserIdAndAccountNumber
DA:4,4
DA:5,4
DA:7,4
DA:8,4
DA:10,3
DA:11,1
DA:14,2
DA:15,1
DA:18,1
DA:20,1
DA:22,1
DA:27,3
DA:28,3
DA:30,3
DA:31,3
DA:33,2
DA:34,1
DA:39,1
DA:41,1
DA:43,1
DA:48,0
DA:49,0
DA:50,0
DA:52,0
DA:53,0
DA:58,0
DA:59,0
DA:62,0
DA:64,0
DA:66,0
LF:30
LH:20
BRDA:10,0,0,1
BRDA:10,0,1,2
BRDA:14,1,0,1
BRDA:14,1,1,1
BRDA:33,2,0,1
BRDA:33,2,1,1
BRDA:58,3,0,0
BRDA:58,3,1,0
BRF:8
BRH:6
end_of_record
TN:
SF:src\repositories\account.js
FN:3,createAccount
FN:13,getAllAccount
FN:17,getAccountById
FN:25,getAccountByAccountNumber
FN:33,updateAccountById
FN:43,getAccountByUserIdAndBankName
FN:52,getAccountByUserIdAndAccountNumber
FNF:7
FNH:0
FNDA:0,createAccount
FNDA:0,getAllAccount
FNDA:0,getAccountById
FNDA:0,getAccountByAccountNumber
FNDA:0,updateAccountById
FNDA:0,getAccountByUserIdAndBankName
FNDA:0,getAccountByUserIdAndAccountNumber
DA:4,0
DA:14,0
DA:18,0
DA:26,0
DA:34,0
DA:35,0
DA:44,0
DA:53,0
LF:8
LH:0
BRDA:33,0,0,0
BRDA:34,1,0,0
BRDA:34,1,1,0
BRF:3
BRH:0
end_of_record
TN:
SF:src\services\account.js
FN:4,(anonymous_0)
FN:9,(anonymous_1)
FN:14,(anonymous_2)
FN:19,(anonymous_3)
FN:24,(anonymous_4)
FN:29,(anonymous_5)
FNF:6
FNH:6
FNDA:1,(anonymous_0)
FNDA:1,(anonymous_1)
FNDA:1,(anonymous_2)
FNDA:1,(anonymous_3)
FNDA:1,(anonymous_4)
FNDA:1,(anonymous_5)
DA:5,1
DA:6,1
DA:10,1
DA:11,1
DA:15,1
DA:16,1
DA:20,1
DA:21,1
DA:25,1
DA:26,1
DA:30,1
DA:31,1
LF:12
LH:12
BRDA:24,0,0,1
BRF:1
BRH:1
end_of_record
TN:
SF:src\services\profile.js
FN:4,(anonymous_0)
FNF:1
FNH:1
FNDA:1,(anonymous_0)
DA:5,1
DA:6,1
LF:2
LH:2
BRF:0
BRH:0
end_of_record
TN:
SF:src\services\transaction.js
FN:4,(anonymous_0)
FN:9,(anonymous_1)
FN:14,(anonymous_2)
FN:19,(anonymous_3)
FNF:4
FNH:4
FNDA:1,(anonymous_0)
FNDA:1,(anonymous_1)
FNDA:1,(anonymous_2)
FNDA:1,(anonymous_3)
DA:5,1
DA:6,1
DA:10,1
DA:11,1
DA:15,1
DA:16,1
DA:20,1
DA:21,1
LF:8
LH:8
BRF:0
BRH:0
end_of_record
TN:
SF:src\services\user.js
FN:4,(anonymous_0)
FN:9,(anonymous_1)
FN:14,(anonymous_2)
FN:19,(anonymous_3)
FNF:4
FNH:4
FNDA:1,(anonymous_0)
FNDA:1,(anonymous_1)
FNDA:1,(anonymous_2)
FNDA:1,(anonymous_3)
DA:5,1
DA:6,1
DA:10,1
DA:11,1
DA:15,1
DA:16,1
DA:20,1
DA:21,1
LF:8
LH:8
BRF:0
BRH:0
end_of_record
TN:
SF:src\utils\db.js
FNF:0
FNH:0
DA:3,1
LF:1
LH:1
BRF:0
BRH:0
end_of_record
