TN:
SF:src\controllers\account.js
FN:4,createAccount
FN:37,getAccountById
FN:61,getAllAccount
FN:77,deposit
FN:98,withdraw
FNF:5
FNH:5
FNDA:3,createAccount
FNDA:5,getAccountById
FNDA:2,getAllAccount
FNDA:2,deposit
FNDA:3,withdraw
DA:5,3
DA:6,3
DA:7,3
DA:8,3
DA:9,3
DA:11,3
DA:15,3
DA:16,1
DA:18,1
DA:23,3
DA:28,2
DA:33,1
DA:38,5
DA:40,5
DA:41,5
DA:43,5
DA:45,4
DA:46,2
DA:51,2
DA:55,1
DA:62,2
DA:63,2
DA:65,2
DA:67,1
DA:71,1
DA:78,2
DA:79,2
DA:80,2
DA:82,2
DA:83,2
DA:87,1
DA:92,1
DA:99,3
DA:100,3
DA:101,3
DA:103,3
DA:104,3
DA:105,1
DA:110,2
DA:114,1
DA:119,1
LF:41
LH:41
BRDA:45,0,0,2
BRDA:45,0,1,2
BRDA:104,1,0,1
BRDA:104,1,1,2
BRF:4
BRH:4
end_of_record
TN:
SF:src\controllers\auth.js
FN:7,login
FN:38,resetPasswordRequest
FN:50,resetPassword
FNF:3
FNH:1
FNDA:4,login
FNDA:0,resetPasswordRequest
FNDA:0,resetPassword
DA:8,4
DA:9,4
DA:10,4
DA:11,4
DA:13,3
DA:14,1
DA:17,2
DA:19,2
DA:20,1
DA:23,1
DA:27,1
DA:32,1
DA:34,1
DA:39,0
DA:41,0
DA:43,0
DA:45,0
DA:47,0
DA:51,0
DA:53,0
DA:55,0
DA:57,0
DA:59,0
DA:63,0
DA:65,0
DA:67,0
DA:69,0
LF:27
LH:13
BRDA:13,0,0,1
BRDA:13,0,1,2
BRDA:19,1,0,1
BRDA:19,1,1,1
BRDA:57,2,0,0
BRDA:57,2,1,0
BRF:6
BRH:4
end_of_record
TN:
SF:src\controllers\profile.js
FN:3,updateProfile
FNF:1
FNH:1
FNDA:2,updateProfile
DA:4,2
DA:5,2
DA:6,1
DA:8,1
DA:9,1
DA:11,1
DA:16,1
LF:7
LH:7
BRF:0
BRH:0
end_of_record
TN:
SF:src\controllers\transaction.js
FN:5,createTransaction
FN:12,(anonymous_1)
FN:37,getTransactionById
FN:61,getAllTransaction
FN:78,deleteTransaction
FNF:5
FNH:5
FNDA:2,createTransaction
FNDA:1,(anonymous_1)
FNDA:3,getTransactionById
FNDA:2,getAllTransaction
FNDA:2,deleteTransaction
DA:6,2
DA:7,2
DA:8,2
DA:9,2
DA:10,2
DA:11,2
DA:12,2
DA:13,1
DA:14,1
DA:15,1
DA:20,1
DA:21,1
DA:25,1
DA:31,1
DA:38,3
DA:39,3
DA:41,3
DA:42,3
DA:44,2
DA:45,1
DA:48,1
DA:51,1
DA:55,1
DA:62,2
DA:64,2
DA:65,2
DA:67,1
DA:72,1
DA:79,2
DA:80,2
DA:82,2
DA:83,2
DA:85,1
DA:89,1
LF:34
LH:34
BRDA:44,0,0,1
BRDA:44,0,1,1
BRF:2
BRH:2
end_of_record
TN:
SF:src\controllers\user.js
FN:4,createUser
FN:26,getAllUser
FN:42,getUserById
FNF:3
FNH:3
FNDA:2,createUser
FNDA:2,getAllUser
FNDA:3,getUserById
DA:5,2
DA:6,2
DA:8,2
DA:9,2
DA:11,1
DA:13,1
DA:15,1
DA:20,1
DA:27,2
DA:29,2
DA:30,2
DA:32,1
DA:36,1
DA:43,3
DA:44,3
DA:46,3
DA:47,3
DA:49,2
DA:50,1
DA:55,1
DA:59,1
LF:21
LH:21
BRDA:49,0,0,1
BRDA:49,0,1,1
BRF:2
BRH:2
end_of_record
TN:
SF:src\middlewares\account.js
FN:3,checkSourceAccountExist
FN:26,checkDestinationAccountExist
FN:47,checkAccountExistByUserIdAndAccountNumber
FNF:3
FNH:3
FNDA:4,checkSourceAccountExist
FNDA:3,checkDestinationAccountExist
FNDA:3,checkAccountExistByUserIdAndAccountNumber
DA:4,4
DA:5,4
DA:7,4
DA:8,4
DA:10,3
DA:11,1
DA:14,2
DA:15,1
DA:18,1
DA:20,1
DA:22,1
DA:27,3
DA:28,3
DA:30,3
DA:31,3
DA:33,2
DA:34,1
DA:39,1
DA:41,1
DA:43,1
DA:48,3
DA:49,3
DA:50,3
DA:52,3
DA:53,3
DA:58,2
DA:59,1
DA:62,1
DA:64,1
DA:66,1
LF:30
LH:30
BRDA:10,0,0,1
BRDA:10,0,1,2
BRDA:14,1,0,1
BRDA:14,1,1,1
BRDA:33,2,0,1
BRDA:33,2,1,1
BRDA:58,3,0,1
BRDA:58,3,1,1
BRF:8
BRH:8
end_of_record
TN:
SF:src\middlewares\auth.js
FN:4,isAuthorized
FNF:1
FNH:1
FNDA:6,isAuthorized
DA:6,6
DA:8,6
DA:10,6
DA:11,1
DA:12,1
DA:15,5
DA:17,5
DA:18,1
DA:19,1
DA:22,4
DA:23,4
DA:25,2
DA:27,2
DA:28,1
DA:29,1
DA:32,1
DA:33,1
DA:35,2
DA:36,1
DA:37,1
DA:40,1
LF:21
LH:21
BRDA:10,0,0,1
BRDA:10,0,1,5
BRDA:17,1,0,1
BRDA:17,1,1,4
BRDA:27,2,0,1
BRDA:27,2,1,1
BRDA:35,3,0,1
BRDA:35,3,1,1
BRF:8
BRH:8
end_of_record
TN:
SF:src\middlewares\user.js
FN:3,blockIfEmailExists
FN:20,checkEmailExist
FNF:2
FNH:1
FNDA:3,blockIfEmailExists
FNDA:0,checkEmailExist
DA:4,3
DA:5,3
DA:7,3
DA:8,3
DA:10,2
DA:11,1
DA:14,1
DA:16,1
DA:21,0
DA:22,0
DA:24,0
DA:26,0
DA:27,0
DA:30,0
DA:32,0
LF:15
LH:8
BRDA:10,0,0,1
BRDA:10,0,1,1
BRDA:26,1,0,0
BRDA:26,1,1,0
BRF:4
BRH:2
end_of_record
TN:
SF:src\middlewares\validation\account.js
FN:8,createAccountValidation
FN:24,amountSchemaValidation
FNF:2
FNH:2
FNDA:2,createAccountValidation
FNDA:2,amountSchemaValidation
DA:4,1
DA:9,2
DA:10,2
DA:12,1
DA:14,1
DA:15,1
DA:19,1
DA:25,2
DA:26,2
DA:28,1
DA:30,1
DA:31,1
LF:12
LH:12
BRF:0
BRH:0
end_of_record
TN:
SF:src\middlewares\validation\auth.js
FN:9,loginValidation
FN:25,resetPasswordValidation
FNF:2
FNH:1
FNDA:2,loginValidation
FNDA:0,resetPasswordValidation
DA:4,1
DA:10,2
DA:11,2
DA:13,1
DA:15,1
DA:16,1
DA:20,1
DA:26,0
DA:27,0
DA:29,0
DA:31,0
DA:32,0
LF:12
LH:7
BRF:0
BRH:0
end_of_record
TN:
SF:src\middlewares\validation\common.js
FN:8,validateParamsId
FN:27,isValidEmailPayload
FNF:2
FNH:1
FNDA:2,validateParamsId
FNDA:0,isValidEmailPayload
DA:4,1
DA:9,2
DA:10,2
DA:12,2
DA:14,1
DA:16,1
DA:18,1
DA:19,1
DA:23,1
DA:28,0
DA:29,0
DA:31,0
DA:33,0
DA:35,0
DA:36,0
LF:15
LH:9
BRF:0
BRH:0
end_of_record
TN:
SF:src\middlewares\validation\profile.js
FN:11,updateProfileValidation
FNF:1
FNH:1
FNDA:2,updateProfileValidation
DA:4,1
DA:12,2
DA:13,2
DA:15,1
DA:17,1
DA:18,1
LF:6
LH:6
BRF:0
BRH:0
end_of_record
TN:
SF:src\middlewares\validation\transaction.js
FN:10,createTransactionValidation
FNF:1
FNH:1
FNDA:3,createTransactionValidation
DA:4,1
DA:11,3
DA:12,3
DA:16,2
DA:18,2
DA:19,1
DA:24,1
DA:26,1
DA:27,1
LF:9
LH:9
BRDA:18,0,0,1
BRDA:18,0,1,1
BRF:2
BRH:2
end_of_record
TN:
SF:src\repositories\account.js
FN:3,createAccount
FN:13,getAllAccount
FN:17,getAccountById
FN:25,getAccountByAccountNumber
FN:33,updateAccountById
FN:43,getAccountByUserIdAndBankName
FN:52,getAccountByUserIdAndAccountNumber
FNF:7
FNH:7
FNDA:1,createAccount
FNDA:1,getAllAccount
FNDA:1,getAccountById
FNDA:1,getAccountByAccountNumber
FNDA:1,updateAccountById
FNDA:1,getAccountByUserIdAndBankName
FNDA:1,getAccountByUserIdAndAccountNumber
DA:4,1
DA:14,1
DA:18,1
DA:26,1
DA:34,1
DA:35,1
DA:44,1
DA:53,1
LF:8
LH:8
BRDA:33,0,0,1
BRDA:34,1,0,1
BRDA:34,1,1,1
BRF:3
BRH:3
end_of_record
TN:
SF:src\repositories\profile.js
FN:3,updateProfileByUserId
FNF:1
FNH:1
FNDA:1,updateProfileByUserId
DA:4,1
LF:1
LH:1
BRF:0
BRH:0
end_of_record
TN:
SF:src\repositories\token.js
FN:3,createToken
FN:13,getUserTokenThatNotExpiredByUserId
FN:25,getUserTokenThatNotExpiredByToken
FN:39,updateToken
FNF:4
FNH:0
FNDA:0,createToken
FNDA:0,getUserTokenThatNotExpiredByUserId
FNDA:0,getUserTokenThatNotExpiredByToken
FNDA:0,updateToken
DA:4,0
DA:14,0
DA:26,0
DA:40,0
LF:4
LH:0
BRF:0
BRH:0
end_of_record
TN:
SF:src\repositories\transaction.js
FN:3,createTransaction
FN:9,getAllTransactions
FN:13,getTransactionById
FN:25,deleteTransaction
FNF:4
FNH:4
FNDA:1,createTransaction
FNDA:1,getAllTransactions
FNDA:1,getTransactionById
FNDA:1,deleteTransaction
DA:4,1
DA:10,1
DA:14,1
DA:26,1
LF:4
LH:4
BRF:0
BRH:0
end_of_record
TN:
SF:src\repositories\user.js
FN:3,createUser
FN:20,getAllUser
FN:24,getUserById
FN:35,getUserByEmail
FNF:4
FNH:4
FNDA:1,createUser
FNDA:1,getAllUser
FNDA:1,getUserById
FNDA:1,getUserByEmail
DA:4,1
DA:21,1
DA:25,1
DA:36,1
LF:4
LH:4
BRF:0
BRH:0
end_of_record
TN:
SF:src\services\account.js
FN:4,(anonymous_0)
FN:9,(anonymous_1)
FN:14,(anonymous_2)
FN:19,(anonymous_3)
FN:24,(anonymous_4)
FN:29,(anonymous_5)
FNF:6
FNH:6
FNDA:1,(anonymous_0)
FNDA:1,(anonymous_1)
FNDA:1,(anonymous_2)
FNDA:1,(anonymous_3)
FNDA:1,(anonymous_4)
FNDA:1,(anonymous_5)
DA:5,1
DA:6,1
DA:10,1
DA:11,1
DA:15,1
DA:16,1
DA:20,1
DA:21,1
DA:25,1
DA:26,1
DA:30,1
DA:31,1
LF:12
LH:12
BRDA:24,0,0,1
BRF:1
BRH:1
end_of_record
TN:
SF:src\services\profile.js
FN:4,(anonymous_0)
FNF:1
FNH:1
FNDA:1,(anonymous_0)
DA:5,1
DA:6,1
LF:2
LH:2
BRF:0
BRH:0
end_of_record
TN:
SF:src\services\token.js
FN:6,(anonymous_0)
FN:22,(anonymous_1)
FN:34,(anonymous_2)
FNF:3
FNH:0
FNDA:0,(anonymous_0)
FNDA:0,(anonymous_1)
FNDA:0,(anonymous_2)
DA:7,0
DA:11,0
DA:12,0
DA:15,0
DA:17,0
DA:19,0
DA:23,0
DA:27,0
DA:28,0
DA:31,0
DA:35,0
DA:37,0
DA:39,0
DA:41,0
LF:14
LH:0
BRDA:11,0,0,0
BRDA:11,0,1,0
BRDA:27,1,0,0
BRDA:27,1,1,0
BRF:4
BRH:0
end_of_record
TN:
SF:src\services\transaction.js
FN:4,(anonymous_0)
FN:9,(anonymous_1)
FN:14,(anonymous_2)
FN:19,(anonymous_3)
FNF:4
FNH:4
FNDA:1,(anonymous_0)
FNDA:1,(anonymous_1)
FNDA:1,(anonymous_2)
FNDA:1,(anonymous_3)
DA:5,1
DA:6,1
DA:10,1
DA:11,1
DA:15,1
DA:16,1
DA:20,1
DA:21,1
LF:8
LH:8
BRF:0
BRH:0
end_of_record
TN:
SF:src\services\user.js
FN:5,(anonymous_0)
FN:11,(anonymous_1)
FN:16,(anonymous_2)
FN:21,(anonymous_3)
FN:26,(anonymous_4)
FN:32,(anonymous_5)
FNF:6
FNH:6
FNDA:1,(anonymous_0)
FNDA:1,(anonymous_1)
FNDA:1,(anonymous_2)
FNDA:1,(anonymous_3)
FNDA:1,(anonymous_4)
FNDA:2,(anonymous_5)
DA:6,1
DA:7,1
DA:8,1
DA:12,1
DA:13,1
DA:17,1
DA:18,1
DA:22,1
DA:23,1
DA:27,1
DA:28,1
DA:29,1
DA:33,2
DA:34,2
LF:14
LH:14
BRF:0
BRH:0
end_of_record
TN:
SF:src\utils\db.js
FNF:0
FNH:0
DA:3,1
LF:1
LH:1
BRF:0
BRH:0
end_of_record
TN:
SF:src\utils\error.js
FN:2,(anonymous_0)
FNF:1
FNH:0
FNDA:0,(anonymous_0)
DA:3,0
DA:4,0
LF:2
LH:0
BRF:0
BRH:0
end_of_record
TN:
SF:src\utils\socket.js
FN:6,(anonymous_0)
FN:9,(anonymous_1)
FN:11,(anonymous_2)
FNF:3
FNH:0
FNDA:0,(anonymous_0)
FNDA:0,(anonymous_1)
FNDA:0,(anonymous_2)
DA:7,0
DA:9,0
DA:11,0
DA:12,0
LF:4
LH:0
BRF:0
BRH:0
end_of_record
TN:
SF:src\utils\email\converter.js
FN:8,renderEmail
FNF:1
FNH:0
FNDA:0,renderEmail
DA:10,0
DA:12,0
DA:14,0
DA:16,0
DA:18,0
DA:20,0
DA:22,0
DA:24,0
DA:26,0
DA:27,0
DA:30,0
LF:11
LH:0
BRDA:26,0,0,0
BRDA:26,0,1,0
BRF:2
BRH:0
end_of_record
TN:
SF:src\utils\email\mail.js
FN:12,sendEmail
FN:24,sendResetPasswordEmail
FNF:2
FNH:0
FNDA:0,sendEmail
FNDA:0,sendResetPasswordEmail
DA:5,1
DA:7,1
DA:13,0
DA:21,0
DA:25,0
DA:27,0
DA:32,0
LF:7
LH:2
BRF:0
BRH:0
end_of_record
